INFO 01-26 11:57:15 api_server.py:459] vLLM API server version 0.6.0
INFO 01-26 11:57:15 api_server.py:460] args: Namespace(model_tag='/home/work/Redteaming/data1/VIDEO_HALLUCINATION/hf_cache/hub/models--corag--CoRAG-Llama3.1-8B-MultihopQA/snapshots/7ccbc2b805e313764f1db06031ad795e5593235b', config='', host=None, port=8000, uvicorn_log_level='info', allow_credentials=False, allowed_origins=['*'], allowed_methods=['*'], allowed_headers=['*'], api_key='token-123', lora_modules=None, prompt_adapters=None, chat_template=None, response_role='assistant', ssl_keyfile=None, ssl_certfile=None, ssl_ca_certs=None, ssl_cert_reqs=0, root_path=None, middleware=[], return_tokens_as_token_ids=False, disable_frontend_multiprocessing=False, enable_auto_tool_choice=False, tool_call_parser=None, model='/home/work/Redteaming/data1/VIDEO_HALLUCINATION/hf_cache/hub/models--corag--CoRAG-Llama3.1-8B-MultihopQA/snapshots/7ccbc2b805e313764f1db06031ad795e5593235b', tokenizer=None, skip_tokenizer_init=False, revision=None, code_revision=None, tokenizer_revision=None, tokenizer_mode='auto', trust_remote_code=False, download_dir=None, load_format='auto', dtype='auto', kv_cache_dtype='auto', quantization_param_path=None, max_model_len=8192, guided_decoding_backend='outlines', distributed_executor_backend=None, worker_use_ray=False, pipeline_parallel_size=1, tensor_parallel_size=1, max_parallel_loading_workers=None, ray_workers_use_nsight=False, block_size=16, enable_prefix_caching=False, disable_sliding_window=False, use_v2_block_manager=False, num_lookahead_slots=0, seed=0, swap_space=4, cpu_offload_gb=0, gpu_memory_utilization=0.5, num_gpu_blocks_override=None, max_num_batched_tokens=2048, max_num_seqs=256, max_logprobs=20, disable_log_stats=False, quantization=None, rope_scaling=None, rope_theta=None, enforce_eager=False, max_context_len_to_capture=None, max_seq_len_to_capture=8192, disable_custom_all_reduce=True, tokenizer_pool_size=0, tokenizer_pool_type='ray', tokenizer_pool_extra_config=None, limit_mm_per_prompt=None, enable_lora=False, max_loras=1, max_lora_rank=16, lora_extra_vocab_size=256, lora_dtype='auto', long_lora_scaling_factors=None, max_cpu_loras=None, fully_sharded_loras=False, enable_prompt_adapter=False, max_prompt_adapters=1, max_prompt_adapter_token=0, device='auto', num_scheduler_steps=1, scheduler_delay_factor=0.0, enable_chunked_prefill=True, speculative_model=None, speculative_model_quantization=None, num_speculative_tokens=None, speculative_draft_tensor_parallel_size=None, speculative_max_model_len=None, speculative_disable_by_batch_size=None, ngram_prompt_lookup_max=None, ngram_prompt_lookup_min=None, spec_decoding_acceptance_method='rejection_sampler', typical_acceptance_sampler_posterior_threshold=None, typical_acceptance_sampler_posterior_alpha=None, disable_logprobs_during_spec_decoding=None, model_loader_extra_config=None, ignore_patterns=[], preemption_mode=None, served_model_name=None, qlora_adapter_name_or_path=None, otlp_traces_endpoint=None, collect_detailed_traces=None, disable_async_output_proc=False, override_neuron_config=None, engine_use_ray=False, disable_log_requests=True, max_log_len=None, dispatch_function=<function serve at 0x7fb8bfa2f400>)
INFO 01-26 11:57:15 api_server.py:160] Multiprocessing frontend to use ipc:///tmp/eeb8ea5c-b7ef-4c03-a05b-2f662c29b11a for RPC Path.
INFO 01-26 11:57:15 api_server.py:176] Started engine process with PID 674175
INFO 01-26 11:57:21 config.py:999] Chunked prefill is enabled with max_num_batched_tokens=2048.
INFO 01-26 11:57:21 llm_engine.py:213] Initializing an LLM engine (v0.6.0) with config: model='/home/work/Redteaming/data1/VIDEO_HALLUCINATION/hf_cache/hub/models--corag--CoRAG-Llama3.1-8B-MultihopQA/snapshots/7ccbc2b805e313764f1db06031ad795e5593235b', speculative_config=None, tokenizer='/home/work/Redteaming/data1/VIDEO_HALLUCINATION/hf_cache/hub/models--corag--CoRAG-Llama3.1-8B-MultihopQA/snapshots/7ccbc2b805e313764f1db06031ad795e5593235b', skip_tokenizer_init=False, tokenizer_mode=auto, revision=None, override_neuron_config=None, rope_scaling=None, rope_theta=None, tokenizer_revision=None, trust_remote_code=False, dtype=torch.bfloat16, max_seq_len=8192, download_dir=None, load_format=LoadFormat.AUTO, tensor_parallel_size=1, pipeline_parallel_size=1, disable_custom_all_reduce=True, quantization=None, enforce_eager=False, kv_cache_dtype=auto, quantization_param_path=None, device_config=cuda, decoding_config=DecodingConfig(guided_decoding_backend='outlines'), observability_config=ObservabilityConfig(otlp_traces_endpoint=None, collect_model_forward_time=False, collect_model_execute_time=False), seed=0, served_model_name=/home/work/Redteaming/data1/VIDEO_HALLUCINATION/hf_cache/hub/models--corag--CoRAG-Llama3.1-8B-MultihopQA/snapshots/7ccbc2b805e313764f1db06031ad795e5593235b, use_v2_block_manager=False, num_scheduler_steps=1, enable_prefix_caching=False, use_async_output_proc=True)
INFO 01-26 11:57:25 model_runner.py:915] Starting to load model /home/work/Redteaming/data1/VIDEO_HALLUCINATION/hf_cache/hub/models--corag--CoRAG-Llama3.1-8B-MultihopQA/snapshots/7ccbc2b805e313764f1db06031ad795e5593235b...
Loading safetensors checkpoint shards:   0% Completed | 0/4 [00:00<?, ?it/s]
Loading safetensors checkpoint shards:  25% Completed | 1/4 [00:01<00:04,  1.54s/it]
Loading safetensors checkpoint shards:  50% Completed | 2/4 [00:03<00:03,  1.60s/it]
Loading safetensors checkpoint shards:  75% Completed | 3/4 [00:03<00:01,  1.09s/it]
Loading safetensors checkpoint shards: 100% Completed | 4/4 [00:05<00:00,  1.25s/it]
Loading safetensors checkpoint shards: 100% Completed | 4/4 [00:05<00:00,  1.29s/it]

INFO 01-26 11:57:32 model_runner.py:926] Loading model weights took 14.9888 GB
INFO 01-26 11:57:33 gpu_executor.py:122] # GPU blocks: 11862, # CPU blocks: 2048
INFO 01-26 11:57:37 model_runner.py:1217] Capturing the model for CUDA graphs. This may lead to unexpected consequences if the model is not static. To run the model in eager mode, set 'enforce_eager=True' or use '--enforce-eager' in the CLI.
INFO 01-26 11:57:37 model_runner.py:1221] CUDA graphs can take additional 1~3 GiB memory per GPU. If you are running out of memory, consider decreasing `gpu_memory_utilization` or enforcing eager mode. You can also reduce the `max_num_seqs` as needed to decrease memory usage.
INFO 01-26 11:57:58 model_runner.py:1335] Graph capturing finished in 21 secs.
INFO 01-26 11:57:59 api_server.py:224] vLLM to use /tmp/tmpsp80macy as PROMETHEUS_MULTIPROC_DIR
WARNING 01-26 11:57:59 serving_embedding.py:190] embedding_mode is False. Embedding API will not work.
INFO 01-26 11:57:59 launcher.py:20] Available routes are:
INFO 01-26 11:57:59 launcher.py:28] Route: /openapi.json, Methods: GET, HEAD
INFO 01-26 11:57:59 launcher.py:28] Route: /docs, Methods: GET, HEAD
INFO 01-26 11:57:59 launcher.py:28] Route: /docs/oauth2-redirect, Methods: GET, HEAD
INFO 01-26 11:57:59 launcher.py:28] Route: /redoc, Methods: GET, HEAD
INFO 01-26 11:57:59 launcher.py:28] Route: /health, Methods: GET
INFO 01-26 11:57:59 launcher.py:28] Route: /tokenize, Methods: POST
INFO 01-26 11:57:59 launcher.py:28] Route: /detokenize, Methods: POST
INFO 01-26 11:57:59 launcher.py:28] Route: /v1/models, Methods: GET
INFO 01-26 11:57:59 launcher.py:28] Route: /version, Methods: GET
INFO 01-26 11:57:59 launcher.py:28] Route: /v1/chat/completions, Methods: POST
INFO 01-26 11:57:59 launcher.py:28] Route: /v1/completions, Methods: POST
INFO 01-26 11:57:59 launcher.py:28] Route: /v1/embeddings, Methods: POST
INFO 01-26 11:57:59 launcher.py:33] Launching Uvicorn with --limit_concurrency 32765. To avoid this limit at the expense of performance run with --disable-frontend-multiprocessing
INFO:     Started server process [673850]
INFO:     Waiting for application startup.
INFO:     Application startup complete.
ERROR:    [Errno 98] error while attempting to bind on address ('0.0.0.0', 8000): address already in use
INFO:     Waiting for application shutdown.
INFO:     Application shutdown complete.
INFO 01-26 11:57:59 launcher.py:67] Gracefully stopping http server
INFO 01-26 11:57:59 server.py:228] vLLM ZMQ RPC Server was interrupted.
INFO:     Shutting down
unhandled exception during asyncio.run() shutdown
task: <Task finished name='Task-1' coro=<run_server() done, defined at /home/work/.conda/envs/corag/lib/python3.10/site-packages/vllm/entrypoints/openai/api_server.py:458> exception=AttributeError("'Server' object has no attribute 'servers'")>
Traceback (most recent call last):
  File "/home/work/.conda/envs/corag/lib/python3.10/site-packages/uvicorn/server.py", line 164, in startup
    server = await loop.create_server(
  File "/home/work/.conda/envs/corag/lib/python3.10/asyncio/base_events.py", line 1519, in create_server
    raise OSError(err.errno, 'error while attempting '
OSError: [Errno 98] error while attempting to bind on address ('0.0.0.0', 8000): address already in use

During handling of the above exception, another exception occurred:

Traceback (most recent call last):
  File "/home/work/.conda/envs/corag/lib/python3.10/site-packages/uvicorn/server.py", line 71, in serve
    await self._serve(sockets)
  File "/home/work/.conda/envs/corag/lib/python3.10/site-packages/uvicorn/server.py", line 86, in _serve
    await self.startup(sockets=sockets)
  File "/home/work/.conda/envs/corag/lib/python3.10/site-packages/uvicorn/server.py", line 174, in startup
    sys.exit(1)
SystemExit: 1

During handling of the above exception, another exception occurred:

Traceback (most recent call last):
  File "/home/work/.conda/envs/corag/lib/python3.10/site-packages/vllm/entrypoints/openai/api_server.py", line 484, in run_server
    await shutdown_task
  File "/home/work/.conda/envs/corag/lib/python3.10/site-packages/uvicorn/server.py", line 267, in shutdown
    for server in self.servers:
AttributeError: 'Server' object has no attribute 'servers'
